<?xml version="1.0" encoding="UTF-8"?>
<!-- Generated by org.testng.reporters.JUnitReportReporter -->
<testsuite hostname="DESKTOP-5UKM8NQ" failures="0" tests="5" name="selenium.scripts.hrmsV2.LMS_Compoff" time="0.456" errors="0" timestamp="2023-07-31T11:29:00 IST" skipped="0">
  <testcase classname="selenium.scripts.hrmsV2.LMS_Compoff" name="TEST01_LMSPage" time="0.444"/>
  <testcase classname="selenium.scripts.hrmsV2.LMS_Compoff" name="TEST03_CancelCompoffRequest" time="0.002"/>
  <testcase classname="selenium.scripts.hrmsV2.LMS_Compoff" name="TEST02_AssignCompoffPage" time="0.002"/>
  <testcase classname="selenium.scripts.hrmsV2.LMS_Compoff" name="TEST04_Assign_Employee_Compff" time="0.005"/>
  <testcase classname="selenium.scripts.hrmsV2.LMS_Compoff" name="TEST02_RequestCompoffPage" time="0.003"/>
</testsuite> <!-- selenium.scripts.hrmsV2.LMS_Compoff -->
