<?xml version="1.0" encoding="UTF-8"?>
<!-- Generated by org.testng.reporters.JUnitReportReporter -->
<testsuite hostname="Navneet" failures="0" tests="1" name="selenium.scripts.APIs_operations" time="18.659" errors="0" timestamp="2023-12-07T10:51:18 IST" skipped="0">
  <testcase classname="selenium.scripts.APIs_operations" name="apis_collection" time="18.659"/>
  <system-out/>
</testsuite> <!-- selenium.scripts.APIs_operations -->
