<?xml version="1.0" encoding="UTF-8"?>
<!-- Generated by org.testng.reporters.JUnitReportReporter -->
<testsuite hostname="DESKTOP-5UKM8NQ" failures="0" tests="5" name="selenium.scripts.HRMS.HRMS_Leave_Management" time="40.533" errors="0" timestamp="2023-12-27T14:38:21 IST" skipped="0">
  <testcase classname="selenium.scripts.HRMS.HRMS_Leave_Management" name="test_02HRMSDashboardPage" time="10.144"/>
  <testcase classname="selenium.scripts.HRMS.HRMS_Leave_Management" name="test_04LeaveApplyPage" time="1.324"/>
  <testcase classname="selenium.scripts.HRMS.HRMS_Leave_Management" name="test_03LeaveDetailsPage" time="3.557"/>
  <testcase classname="selenium.scripts.HRMS.HRMS_Leave_Management" name="test_01LoginPage" time="14.626"/>
  <testcase classname="selenium.scripts.HRMS.HRMS_Leave_Management" name="test_05LeaveAppliedSuccessfullyPage" time="10.882"/>
</testsuite> <!-- selenium.scripts.HRMS.HRMS_Leave_Management -->
