<?xml version="1.0" encoding="UTF-8"?>
<!-- Generated by org.testng.reporters.JUnitReportReporter -->
<testsuite hostname="DESKTOP-5UKM8NQ" failures="0" tests="2" name="selenium.scripts.million.visit_page" time="22.780" errors="0" timestamp="2023-11-29T17:22:57 IST" skipped="0">
  <testcase classname="selenium.scripts.million.visit_page" name="test_01_launch" time="13.979"/>
  <testcase classname="selenium.scripts.million.visit_page" name="test_02_AddProduct" time="8.801"/>
</testsuite> <!-- selenium.scripts.million.visit_page -->
