<?xml version="1.0" encoding="UTF-8"?>
<!-- Generated by org.testng.reporters.JUnitReportReporter -->
<testsuite hostname="DESKTOP-5UKM8NQ" failures="0" tests="4" name="selenium.scripts.SME.AggregatorLoginPage" time="7.385" errors="0" timestamp="2023-05-19T15:41:22 IST" skipped="0">
  <testcase classname="selenium.scripts.SME.AggregatorLoginPage" name="test03_AggregatorPasswordvisibilityCheck" time="0.178"/>
  <system-out/>
  <testcase classname="selenium.scripts.SME.AggregatorLoginPage" name="test01_AggregatorLoginPage" time="2.405"/>
  <system-out/>
  <testcase classname="selenium.scripts.SME.AggregatorLoginPage" name="test04_AggregatorDashboardPage" time="3.308"/>
  <system-out/>
  <testcase classname="selenium.scripts.SME.AggregatorLoginPage" name="test02_AggregatorInvalidCredentialsPage" time="1.494"/>
  <system-out/>
</testsuite> <!-- selenium.scripts.SME.AggregatorLoginPage -->
