<?xml version="1.0" encoding="UTF-8"?>
<!-- Generated by org.testng.reporters.JUnitReportReporter -->
<testsuite hostname="DESKTOP-5UKM8NQ" failures="0" tests="1" name="selenium.scripts.hrmsV2.LMS" time="0.237" errors="0" timestamp="2023-08-11T10:41:29 IST" skipped="0">
  <testcase classname="selenium.scripts.hrmsV2.LMS" name="TEST01_LMSPage" time="0.237"/>
</testsuite> <!-- selenium.scripts.hrmsV2.LMS -->
