<?xml version="1.0" encoding="UTF-8"?>
<!-- Generated by org.testng.reporters.JUnitReportReporter -->
<testsuite hostname="DESKTOP-5UKM8NQ" failures="0" tests="5" name="selenium.scripts.SME.Forgot_Reset_Password_Flow" time="58.069" errors="0" timestamp="2023-05-22T13:14:55 IST" skipped="0">
  <testcase classname="selenium.scripts.SME.Forgot_Reset_Password_Flow" name="test01_AggregatorLoginPage" time="1.289"/>
  <system-out/>
  <testcase classname="selenium.scripts.SME.Forgot_Reset_Password_Flow" name="test05_AggregatorDashboardPage" time="2.626"/>
  <system-out/>
  <testcase classname="selenium.scripts.SME.Forgot_Reset_Password_Flow" name="test04_AggregatorLoginPage2" time="7.227"/>
  <system-out/>
  <testcase classname="selenium.scripts.SME.Forgot_Reset_Password_Flow" name="test03_AggregatorResetPasswordPage2" time="46.763"/>
  <system-out/>
  <testcase classname="selenium.scripts.SME.Forgot_Reset_Password_Flow" name="test02_AggregatorResetPasswordPage" time="0.164"/>
  <system-out/>
</testsuite> <!-- selenium.scripts.SME.Forgot_Reset_Password_Flow -->
