<?xml version="1.0" encoding="UTF-8"?>
<!-- Generated by org.testng.reporters.JUnitReportReporter -->
<testsuite hostname="DESKTOP-5UKM8NQ" failures="0" tests="6" name="selenium.scripts.hrmsV2.LMS_HR_Admin" time="0.044" errors="0" timestamp="2023-08-09T10:28:54 IST" skipped="0">
  <testcase classname="selenium.scripts.hrmsV2.LMS_HR_Admin" name="TEST03_Download_EmployeeList" time="0.005"/>
  <testcase classname="selenium.scripts.hrmsV2.LMS_HR_Admin" name="TEST06_Upload_EmployeeList" time="0.005"/>
  <testcase classname="selenium.scripts.hrmsV2.LMS_HR_Admin" name="TEST01_HR_Admin_Page" time="0.010"/>
  <testcase classname="selenium.scripts.hrmsV2.LMS_HR_Admin" name="TEST05_UploadWrong_EmployeeList" time="0.008"/>
  <testcase classname="selenium.scripts.hrmsV2.LMS_HR_Admin" name="TEST04_UploadWrong_HolidayList" time="0.010"/>
  <testcase classname="selenium.scripts.hrmsV2.LMS_HR_Admin" name="TEST02_Download_Holidaylist" time="0.006"/>
</testsuite> <!-- selenium.scripts.hrmsV2.LMS_HR_Admin -->
