<?xml version="1.0" encoding="UTF-8"?>
<!-- Generated by org.testng.reporters.JUnitReportReporter -->
<testsuite hostname="DESKTOP-5UKM8NQ" failures="0" tests="2" name="selenium.scripts.hrmsV2.Dashboard_Page" time="1.188" errors="0" timestamp="2023-07-19T12:07:47 IST" skipped="0">
  <testcase classname="selenium.scripts.hrmsV2.Dashboard_Page" name="Test_05HeaderSection" time="0.636"/>
  <testcase classname="selenium.scripts.hrmsV2.Dashboard_Page" name="Test_06CalenderSection" time="0.552"/>
</testsuite> <!-- selenium.scripts.hrmsV2.Dashboard_Page -->
