<?xml version="1.0" encoding="UTF-8"?>
<!-- Generated by org.testng.reporters.JUnitReportReporter -->
<testsuite hostname="Navneet" failures="0" tests="2" name="mahindra.allinks" time="16.680" errors="0" timestamp="2023-12-07T16:10:21 IST" skipped="0">
  <testcase classname="mahindra.allinks" name="test01_login" time="13.887"/>
  <system-out/>
  <testcase classname="mahindra.allinks" name="test02_Getlinks" time="2.793"/>
  <system-out/>
</testsuite> <!-- mahindra.allinks -->
